Information: Propagating switching activity (low effort zero delay simulation). (PWR-6)
Warning: Design has unannotated primary inputs. (PWR-414)
Warning: Design has unannotated sequential cell outputs. (PWR-415)
 
****************************************
Report : power
        -analysis_effort low
Design : computer
Version: K-2015.06-SP5
Date   : Mon Apr 24 19:41:54 2023
****************************************


Library(s) Used:

    c35_CORELIB_WC (File: /opt/cad/designkits/ams/v410/synopsys/c35_3.3V/c35_CORELIB_WC.db)
    c35_IOLIB_WC (File: /opt/cad/designkits/ams/v410/synopsys/c35_3.3V/c35_IOLIB_WC.db)


Operating Conditions: WORST-MIL   Library: c35_CORELIB_WC
Wire Load Model Mode: enclosed

Design        Wire Load Model            Library
------------------------------------------------
computer               30k               c35_CORELIB_WC
ahb_debouncer_DW01_inc_0
                       10k               c35_CORELIB_WC
ahb_debouncer_DW01_inc_1
                       10k               c35_CORELIB_WC
ahb_switches_DW01_inc_0
                       10k               c35_CORELIB_WC
ahb_switches_DW01_inc_1
                       10k               c35_CORELIB_WC
cortexm0ds_logic_DW01_inc_0
                       10k               c35_CORELIB_WC
cortexm0ds_logic_DW01_inc_1
                       10k               c35_CORELIB_WC
cortexm0ds_logic_DW01_dec_1
                       10k               c35_CORELIB_WC
cortexm0ds_logic_DW01_add_0
                       10k               c35_CORELIB_WC
cortexm0ds_logic_DW01_add_1
                       10k               c35_CORELIB_WC
cortexm0ds_logic_test_1
                       10k               c35_CORELIB_WC
ahb_switches_test_1    10k               c35_CORELIB_WC
ahb_debouncer_test_1   10k               c35_CORELIB_WC
ahb_interconnect_test_1
                       10k               c35_CORELIB_WC
ahb_ram_test_1         10k               c35_CORELIB_WC
ahb_out_test_1         10k               c35_CORELIB_WC
ahb_rom_test_1         10k               c35_CORELIB_WC
CORTEXM0DS_test_1      10k               c35_CORELIB_WC
arm_soc_test_1         30k               c35_CORELIB_WC
comp_core_test_1       30k               c35_CORELIB_WC


Global Operating Voltage = 3    
Power-specific unit information :
    Voltage Units = 1V
    Capacitance Units = 1.000000pf
    Time Units = 1ns
    Dynamic Power Units = 1mW    (derived from V,C,T units)
    Leakage Power Units = 1pW


  Cell Internal Power  = 164.2395 uW   (33%)
  Net Switching Power  = 327.0603 uW   (67%)
                         ---------
Total Dynamic Power    = 491.2998 uW  (100%)

Cell Leakage Power     = 126.4077 uW


                 Internal         Switching           Leakage            Total
Power Group      Power            Power               Power              Power   (   %    )  Attrs
--------------------------------------------------------------------------------------------------
io_pad         3.4290e-03            0.3134        8.3712e+07            0.4005  (  64.84%)
memory             0.0000            0.0000            0.0000            0.0000  (   0.00%)
black_box          0.0000            0.0000            0.0000            0.0000  (   0.00%)
clock_network      0.0000            0.0000            0.0000            0.0000  (   0.00%)
register           0.1563        3.7195e-03        2.5911e+07            0.1859  (  30.10%)
sequential         0.0000            0.0000            0.0000            0.0000  (   0.00%)
combinational  4.5246e-03        9.9397e-03        1.6784e+07        3.1248e-02  (   5.06%)
--------------------------------------------------------------------------------------------------
Total              0.1642 mW         0.3271 mW     1.2641e+08 pW         0.6177 mW
1
