 
****************************************
Report : area
Design : computer
Version: K-2015.06-SP5
Date   : Mon Apr 24 19:41:52 2023
****************************************

Library(s) Used:

    c35_CORELIB_WC (File: /opt/cad/designkits/ams/v410/synopsys/c35_3.3V/c35_CORELIB_WC.db)
    c35_IOLIB_WC (File: /opt/cad/designkits/ams/v410/synopsys/c35_3.3V/c35_IOLIB_WC.db)

Number of ports:                         2124
Number of nets:                         21539
Number of cells:                        16998
Number of combinational cells:          13781
Number of sequential cells:              3176
Number of macros/black boxes:              22
Number of buf/inv:                       2770
Number of references:                      11

Combinational area:             991772.607559
Buf/Inv area:                   110674.202766
Noncombinational area:         1327508.008545
Macro/Black Box area:           748880.000000
Net Interconnect area:          514638.300259

Total cell area:               3068160.616104
Total area:                    3582798.916363
1
